
*** Running vivado
    with args -log UART_main.vds -m64 -product Vivado -mode batch -messageDb vivado.pb -notrace -source UART_main.tcl



****** Vivado v2022.2 (64-bit)
  **** SW Build 3671981 on Fri Oct 14 05:00:03 MDT 2022
  **** IP Build 3669848 on Fri Oct 14 08:30:02 MDT 2022
    ** Copyright 1986-2022 Xilinx, Inc. All Rights Reserved.

source UART_main.tcl -notrace
create_project: Time (s): cpu = 00:00:06 ; elapsed = 00:00:07 . Memory (MB): peak = 429.832 ; gain = 94.422
Command: read_checkpoint -auto_incremental -incremental D:/Programs_extra/Github/VHDL_essentials/UART/UART.srcs/utils_1/imports/synth_1/UART_main.dcp
INFO: [Vivado 12-5825] Read reference checkpoint from D:/Programs_extra/Github/VHDL_essentials/UART/UART.srcs/utils_1/imports/synth_1/UART_main.dcp for incremental synthesis
INFO: [Vivado 12-7989] Please ensure there are no constraint changes
Command: synth_design -top UART_main -part xc7a35tcpg236-1
Starting synth_design
Attempting to get a license for feature 'Synthesis' and/or device 'xc7a35t'
INFO: [Common 17-349] Got license for feature 'Synthesis' and/or device 'xc7a35t'
INFO: [Device 21-403] Loading part xc7a35tcpg236-1
INFO: [Designutils 20-5440] No compile time benefit to using incremental synthesis; A full resynthesis will be run
INFO: [Designutils 20-4379] Flow is switching to default flow due to incremental criteria not met. If you would like to alter this behaviour and have the flow terminate instead, please set the following parameter config_implementation {autoIncr.Synth.RejectBehavior Terminate}
INFO: [Synth 8-7079] Multithreading enabled for synth_design using a maximum of 2 processes.
INFO: [Synth 8-7078] Launching helper process for spawning children vivado processes
INFO: [Synth 8-7075] Helper process launched with PID 22028
INFO: [Synth 8-11241] undeclared symbol 'REGCCE', assumed default net type 'wire' [D:/Programme_Universitaet/Vivado2022/Vivado/2022.2/data/verilog/src/unimacro/BRAM_SINGLE_MACRO.v:2170]
---------------------------------------------------------------------------------
Starting RTL Elaboration : Time (s): cpu = 00:00:08 ; elapsed = 00:00:09 . Memory (MB): peak = 1238.762 ; gain = 409.273
---------------------------------------------------------------------------------
INFO: [Synth 8-638] synthesizing module 'UART_main' [D:/Programs_extra/Github/VHDL_essentials/UART/UART.srcs/sources_1/new/UART_main.vhd:19]
	Parameter clks_per_bit bound to: 115 - type: integer 
INFO: [Synth 8-3491] module 'Uart_RX' declared at 'D:/Programs_extra/Github/VHDL_essentials/UART/UART.srcs/sources_1/new/UART_RX.vhd:8' bound to instance 'inst_UART_RX' of component 'Uart_RX' [D:/Programs_extra/Github/VHDL_essentials/UART/UART.srcs/sources_1/new/UART_main.vhd:61]
INFO: [Synth 8-638] synthesizing module 'Uart_RX' [D:/Programs_extra/Github/VHDL_essentials/UART/UART.srcs/sources_1/new/UART_RX.vhd:21]
	Parameter clks_per_bit bound to: 115 - type: integer 
INFO: [Synth 8-256] done synthesizing module 'Uart_RX' (0#1) [D:/Programs_extra/Github/VHDL_essentials/UART/UART.srcs/sources_1/new/UART_RX.vhd:21]
	Parameter clks_per_bit bound to: 115 - type: integer 
INFO: [Synth 8-3491] module 'UART_TX' declared at 'D:/Programs_extra/Github/VHDL_essentials/UART/UART.srcs/sources_1/new/UART_TX.vhd:8' bound to instance 'inst_UART_TX' of component 'UART_TX' [D:/Programs_extra/Github/VHDL_essentials/UART/UART.srcs/sources_1/new/UART_main.vhd:72]
INFO: [Synth 8-638] synthesizing module 'UART_TX' [D:/Programs_extra/Github/VHDL_essentials/UART/UART.srcs/sources_1/new/UART_TX.vhd:22]
	Parameter clks_per_bit bound to: 115 - type: integer 
INFO: [Synth 8-256] done synthesizing module 'UART_TX' (0#1) [D:/Programs_extra/Github/VHDL_essentials/UART/UART.srcs/sources_1/new/UART_TX.vhd:22]
INFO: [Synth 8-256] done synthesizing module 'UART_main' (0#1) [D:/Programs_extra/Github/VHDL_essentials/UART/UART.srcs/sources_1/new/UART_main.vhd:19]
---------------------------------------------------------------------------------
Finished RTL Elaboration : Time (s): cpu = 00:00:09 ; elapsed = 00:00:11 . Memory (MB): peak = 1329.148 ; gain = 499.660
---------------------------------------------------------------------------------
---------------------------------------------------------------------------------
Start Handling Custom Attributes
---------------------------------------------------------------------------------
---------------------------------------------------------------------------------
Finished Handling Custom Attributes : Time (s): cpu = 00:00:09 ; elapsed = 00:00:11 . Memory (MB): peak = 1329.148 ; gain = 499.660
---------------------------------------------------------------------------------
---------------------------------------------------------------------------------
Finished RTL Optimization Phase 1 : Time (s): cpu = 00:00:09 ; elapsed = 00:00:11 . Memory (MB): peak = 1329.148 ; gain = 499.660
---------------------------------------------------------------------------------
Netlist sorting complete. Time (s): cpu = 00:00:00 ; elapsed = 00:00:00.001 . Memory (MB): peak = 1329.148 ; gain = 0.000
INFO: [Project 1-570] Preparing netlist for logic optimization

Processing XDC Constraints
Initializing timing engine
Parsing XDC File [D:/Programs_extra/Github/VHDL_essentials/UART/UART.srcs/constrs_1/new/pins.xdc]
WARNING: [Vivado 12-507] No nets matched 'i_clk_IBUF'. [D:/Programs_extra/Github/VHDL_essentials/UART/UART.srcs/constrs_1/new/pins.xdc:3]
CRITICAL WARNING: [Common 17-55] 'set_property' expects at least one object. [D:/Programs_extra/Github/VHDL_essentials/UART/UART.srcs/constrs_1/new/pins.xdc:3]
Resolution: If [get_<value>] was used to populate the object, check to make sure this command returns at least one valid object.
Finished Parsing XDC File [D:/Programs_extra/Github/VHDL_essentials/UART/UART.srcs/constrs_1/new/pins.xdc]
INFO: [Project 1-236] Implementation specific constraints were found while reading constraint file [D:/Programs_extra/Github/VHDL_essentials/UART/UART.srcs/constrs_1/new/pins.xdc]. These constraints will be ignored for synthesis but will be used in implementation. Impacted constraints are listed in the file [.Xil/UART_main_propImpl.xdc].
Resolution: To avoid this warning, move constraints listed in [.Xil/UART_main_propImpl.xdc] to another XDC file and exclude this new file from synthesis with the used_in_synthesis property (File Properties dialog in GUI) and re-run elaboration/synthesis.
Parsing XDC File [D:/Programs_extra/Github/VHDL_essentials/UART/UART.srcs/constrs_1/new/timing.xdc]
Finished Parsing XDC File [D:/Programs_extra/Github/VHDL_essentials/UART/UART.srcs/constrs_1/new/timing.xdc]
Completed Processing XDC Constraints

Netlist sorting complete. Time (s): cpu = 00:00:00 ; elapsed = 00:00:00.001 . Memory (MB): peak = 1426.316 ; gain = 0.000
INFO: [Project 1-111] Unisim Transformation Summary:
No Unisim elements were transformed.

Constraint Validation Runtime : Time (s): cpu = 00:00:00 ; elapsed = 00:00:00.002 . Memory (MB): peak = 1426.316 ; gain = 0.000
INFO: [Designutils 20-5440] No compile time benefit to using incremental synthesis; A full resynthesis will be run
INFO: [Designutils 20-4379] Flow is switching to default flow due to incremental criteria not met. If you would like to alter this behaviour and have the flow terminate instead, please set the following parameter config_implementation {autoIncr.Synth.RejectBehavior Terminate}
INFO: [Synth 8-11241] undeclared symbol 'REGCCE', assumed default net type 'wire' [D:/Programme_Universitaet/Vivado2022/Vivado/2022.2/data/verilog/src/unimacro/BRAM_SINGLE_MACRO.v:2170]
---------------------------------------------------------------------------------
Finished Constraint Validation : Time (s): cpu = 00:00:17 ; elapsed = 00:00:25 . Memory (MB): peak = 1426.316 ; gain = 596.828
---------------------------------------------------------------------------------
---------------------------------------------------------------------------------
Start Loading Part and Timing Information
---------------------------------------------------------------------------------
Loading part: xc7a35tcpg236-1
---------------------------------------------------------------------------------
Finished Loading Part and Timing Information : Time (s): cpu = 00:00:17 ; elapsed = 00:00:25 . Memory (MB): peak = 1426.316 ; gain = 596.828
---------------------------------------------------------------------------------
---------------------------------------------------------------------------------
Start Applying 'set_property' XDC Constraints
---------------------------------------------------------------------------------
---------------------------------------------------------------------------------
Finished applying 'set_property' XDC Constraints : Time (s): cpu = 00:00:18 ; elapsed = 00:00:25 . Memory (MB): peak = 1426.316 ; gain = 596.828
---------------------------------------------------------------------------------
INFO: [Synth 8-802] inferred FSM for state register 's_SM_UART_TX_reg' in module 'UART_TX'
---------------------------------------------------------------------------------------------------
                   State |                     New Encoding |                Previous Encoding 
---------------------------------------------------------------------------------------------------
                    idle |                              000 |                              000
            tx_start_bit |                              001 |                              001
            tx_data_bits |                              010 |                              010
             tx_stop_bit |                              011 |                              011
                 cleanup |                              100 |                              100
---------------------------------------------------------------------------------------------------
INFO: [Synth 8-3354] encoded FSM with state register 's_SM_UART_TX_reg' using encoding 'sequential' in module 'UART_TX'
---------------------------------------------------------------------------------
Finished RTL Optimization Phase 2 : Time (s): cpu = 00:00:18 ; elapsed = 00:00:26 . Memory (MB): peak = 1426.316 ; gain = 596.828
---------------------------------------------------------------------------------
---------------------------------------------------------------------------------
Start RTL Component Statistics 
---------------------------------------------------------------------------------
Detailed RTL Component Info : 
+---Adders : 
	   2 Input    7 Bit       Adders := 2     
	   2 Input    3 Bit       Adders := 2     
+---Registers : 
	                8 Bit    Registers := 2     
	                7 Bit    Registers := 2     
	                3 Bit    Registers := 3     
	                1 Bit    Registers := 6     
+---Muxes : 
	   6 Input    8 Bit        Muxes := 1     
	   2 Input    8 Bit        Muxes := 1     
	   6 Input    7 Bit        Muxes := 1     
	   2 Input    7 Bit        Muxes := 1     
	   2 Input    3 Bit        Muxes := 8     
	   5 Input    3 Bit        Muxes := 1     
	   2 Input    2 Bit        Muxes := 2     
	   3 Input    2 Bit        Muxes := 1     
	   2 Input    1 Bit        Muxes := 4     
	   6 Input    1 Bit        Muxes := 2     
	   5 Input    1 Bit        Muxes := 10    
---------------------------------------------------------------------------------
Finished RTL Component Statistics 
---------------------------------------------------------------------------------
---------------------------------------------------------------------------------
Start Part Resource Summary
---------------------------------------------------------------------------------
Part Resources:
DSPs: 90 (col length:60)
BRAMs: 100 (col length: RAMB18 60 RAMB36 30)
---------------------------------------------------------------------------------
Finished Part Resource Summary
---------------------------------------------------------------------------------
---------------------------------------------------------------------------------
Start Cross Boundary and Area Optimization
---------------------------------------------------------------------------------
WARNING: [Synth 8-7080] Parallel synthesis criteria is not met
---------------------------------------------------------------------------------
Finished Cross Boundary and Area Optimization : Time (s): cpu = 00:00:20 ; elapsed = 00:00:30 . Memory (MB): peak = 1426.316 ; gain = 596.828
---------------------------------------------------------------------------------
---------------------------------------------------------------------------------
Start Applying XDC Timing Constraints
---------------------------------------------------------------------------------
---------------------------------------------------------------------------------
Finished Applying XDC Timing Constraints : Time (s): cpu = 00:00:26 ; elapsed = 00:00:39 . Memory (MB): peak = 1426.316 ; gain = 596.828
---------------------------------------------------------------------------------
---------------------------------------------------------------------------------
Start Timing Optimization
---------------------------------------------------------------------------------
---------------------------------------------------------------------------------
Finished Timing Optimization : Time (s): cpu = 00:00:26 ; elapsed = 00:00:39 . Memory (MB): peak = 1426.316 ; gain = 596.828
---------------------------------------------------------------------------------
---------------------------------------------------------------------------------
Start Technology Mapping
---------------------------------------------------------------------------------
---------------------------------------------------------------------------------
Finished Technology Mapping : Time (s): cpu = 00:00:26 ; elapsed = 00:00:39 . Memory (MB): peak = 1426.316 ; gain = 596.828
---------------------------------------------------------------------------------
---------------------------------------------------------------------------------
Start IO Insertion
---------------------------------------------------------------------------------
---------------------------------------------------------------------------------
Start Flattening Before IO Insertion
---------------------------------------------------------------------------------
---------------------------------------------------------------------------------
Finished Flattening Before IO Insertion
---------------------------------------------------------------------------------
---------------------------------------------------------------------------------
Start Final Netlist Cleanup
---------------------------------------------------------------------------------
---------------------------------------------------------------------------------
Finished Final Netlist Cleanup
---------------------------------------------------------------------------------
---------------------------------------------------------------------------------
Finished IO Insertion : Time (s): cpu = 00:00:32 ; elapsed = 00:00:47 . Memory (MB): peak = 1426.316 ; gain = 596.828
---------------------------------------------------------------------------------
---------------------------------------------------------------------------------
Start Renaming Generated Instances
---------------------------------------------------------------------------------
---------------------------------------------------------------------------------
Finished Renaming Generated Instances : Time (s): cpu = 00:00:32 ; elapsed = 00:00:47 . Memory (MB): peak = 1426.316 ; gain = 596.828
---------------------------------------------------------------------------------
---------------------------------------------------------------------------------
Start Rebuilding User Hierarchy
---------------------------------------------------------------------------------
---------------------------------------------------------------------------------
Finished Rebuilding User Hierarchy : Time (s): cpu = 00:00:32 ; elapsed = 00:00:47 . Memory (MB): peak = 1426.316 ; gain = 596.828
---------------------------------------------------------------------------------
---------------------------------------------------------------------------------
Start Renaming Generated Ports
---------------------------------------------------------------------------------
---------------------------------------------------------------------------------
Finished Renaming Generated Ports : Time (s): cpu = 00:00:32 ; elapsed = 00:00:47 . Memory (MB): peak = 1426.316 ; gain = 596.828
---------------------------------------------------------------------------------
---------------------------------------------------------------------------------
Start Handling Custom Attributes
---------------------------------------------------------------------------------
---------------------------------------------------------------------------------
Finished Handling Custom Attributes : Time (s): cpu = 00:00:32 ; elapsed = 00:00:47 . Memory (MB): peak = 1426.316 ; gain = 596.828
---------------------------------------------------------------------------------
---------------------------------------------------------------------------------
Start Renaming Generated Nets
---------------------------------------------------------------------------------
---------------------------------------------------------------------------------
Finished Renaming Generated Nets : Time (s): cpu = 00:00:32 ; elapsed = 00:00:47 . Memory (MB): peak = 1426.316 ; gain = 596.828
---------------------------------------------------------------------------------
---------------------------------------------------------------------------------
Start Writing Synthesis Report
---------------------------------------------------------------------------------

Report BlackBoxes: 
+-+--------------+----------+
| |BlackBox name |Instances |
+-+--------------+----------+
+-+--------------+----------+

Report Cell Usage: 
+------+------+------+
|      |Cell  |Count |
+------+------+------+
|1     |BUFG  |     1|
|2     |LUT2  |     6|
|3     |LUT3  |    10|
|4     |LUT4  |     9|
|5     |LUT5  |    10|
|6     |LUT6  |    27|
|7     |MUXF7 |     1|
|8     |FDRE  |    47|
|9     |IBUF  |     2|
|10    |OBUF  |     1|
+------+------+------+
---------------------------------------------------------------------------------
Finished Writing Synthesis Report : Time (s): cpu = 00:00:32 ; elapsed = 00:00:47 . Memory (MB): peak = 1426.316 ; gain = 596.828
---------------------------------------------------------------------------------
Synthesis finished with 0 errors, 0 critical warnings and 1 warnings.
Synthesis Optimization Runtime : Time (s): cpu = 00:00:21 ; elapsed = 00:00:44 . Memory (MB): peak = 1426.316 ; gain = 499.660
Synthesis Optimization Complete : Time (s): cpu = 00:00:32 ; elapsed = 00:00:47 . Memory (MB): peak = 1426.316 ; gain = 596.828
INFO: [Project 1-571] Translating synthesized netlist
Netlist sorting complete. Time (s): cpu = 00:00:00 ; elapsed = 00:00:00 . Memory (MB): peak = 1426.316 ; gain = 0.000
INFO: [Netlist 29-17] Analyzing 1 Unisim elements for replacement
INFO: [Netlist 29-28] Unisim Transformation completed in 0 CPU seconds
INFO: [Project 1-570] Preparing netlist for logic optimization
INFO: [Opt 31-138] Pushed 0 inverter(s) to 0 load pin(s).
Netlist sorting complete. Time (s): cpu = 00:00:00 ; elapsed = 00:00:00 . Memory (MB): peak = 1426.316 ; gain = 0.000
INFO: [Project 1-111] Unisim Transformation Summary:
No Unisim elements were transformed.

Synth Design complete, checksum: db60b576
INFO: [Common 17-83] Releasing license: Synthesis
33 Infos, 2 Warnings, 1 Critical Warnings and 0 Errors encountered.
synth_design completed successfully
synth_design: Time (s): cpu = 00:00:36 ; elapsed = 00:00:53 . Memory (MB): peak = 1426.316 ; gain = 972.641
INFO: [runtcl-6] Synthesis results are not added to the cache due to CRITICAL_WARNING
INFO: [Common 17-1381] The checkpoint 'D:/Programs_extra/Github/VHDL_essentials/UART/UART.runs/synth_1/UART_main.dcp' has been generated.
INFO: [runtcl-4] Executing : report_utilization -file UART_main_utilization_synth.rpt -pb UART_main_utilization_synth.pb
INFO: [Common 17-206] Exiting Vivado at Sun Oct 29 11:01:04 2023...
