
*** Running vivado
    with args -log maximum_tree_search.vds -m64 -product Vivado -mode batch -messageDb vivado.pb -notrace -source maximum_tree_search.tcl



****** Vivado v2022.2 (64-bit)
  **** SW Build 3671981 on Fri Oct 14 05:00:03 MDT 2022
  **** IP Build 3669848 on Fri Oct 14 08:30:02 MDT 2022
    ** Copyright 1986-2022 Xilinx, Inc. All Rights Reserved.

source maximum_tree_search.tcl -notrace
create_project: Time (s): cpu = 00:00:05 ; elapsed = 00:00:05 . Memory (MB): peak = 393.148 ; gain = 54.605
Command: read_checkpoint -auto_incremental -incremental D:/Programs_extra/Github/VHDL_essentials/maximum_tree_search/maximum_tree_search.srcs/utils_1/imports/synth_1/maximum_tree_search.dcp
INFO: [Vivado 12-5825] Read reference checkpoint from D:/Programs_extra/Github/VHDL_essentials/maximum_tree_search/maximum_tree_search.srcs/utils_1/imports/synth_1/maximum_tree_search.dcp for incremental synthesis
INFO: [Vivado 12-7989] Please ensure there are no constraint changes
Command: synth_design -top maximum_tree_search -part xc7a35tftg256-1
Starting synth_design
Attempting to get a license for feature 'Synthesis' and/or device 'xc7a35t'
INFO: [Common 17-349] Got license for feature 'Synthesis' and/or device 'xc7a35t'
INFO: [Device 21-403] Loading part xc7a35tftg256-1
INFO: [Designutils 20-5440] No compile time benefit to using incremental synthesis; A full resynthesis will be run
INFO: [Designutils 20-4379] Flow is switching to default flow due to incremental criteria not met. If you would like to alter this behaviour and have the flow terminate instead, please set the following parameter config_implementation {autoIncr.Synth.RejectBehavior Terminate}
INFO: [Synth 8-7079] Multithreading enabled for synth_design using a maximum of 2 processes.
INFO: [Synth 8-7078] Launching helper process for spawning children vivado processes
INFO: [Synth 8-7075] Helper process launched with PID 14356
INFO: [Synth 8-11241] undeclared symbol 'REGCCE', assumed default net type 'wire' [D:/Programme_Universitaet/Vivado2022/Vivado/2022.2/data/verilog/src/unimacro/BRAM_SINGLE_MACRO.v:2170]
---------------------------------------------------------------------------------
Starting RTL Elaboration : Time (s): cpu = 00:00:07 ; elapsed = 00:00:07 . Memory (MB): peak = 1205.742 ; gain = 408.426
---------------------------------------------------------------------------------
INFO: [Synth 8-638] synthesizing module 'maximum_tree_search' [D:/Programs_extra/Github/VHDL_essentials/maximum_tree_search/maximum_tree_search.srcs/sources_1/new/maximum_tree_search.vhd:18]
WARNING: [Synth 8-5639] ignoring null variable initialization [D:/Programs_extra/Github/VHDL_essentials/maximum_tree_search/maximum_tree_search.srcs/sources_1/new/package_maximum_tree_search.vhd:20]
INFO: [Synth 8-256] done synthesizing module 'maximum_tree_search' (0#1) [D:/Programs_extra/Github/VHDL_essentials/maximum_tree_search/maximum_tree_search.srcs/sources_1/new/maximum_tree_search.vhd:18]
WARNING: [Synth 8-3917] design maximum_tree_search has port o_maximum[31] driven by constant 0
WARNING: [Synth 8-3917] design maximum_tree_search has port o_maximum[30] driven by constant 0
WARNING: [Synth 8-3917] design maximum_tree_search has port o_maximum[29] driven by constant 0
WARNING: [Synth 8-3917] design maximum_tree_search has port o_maximum[28] driven by constant 0
WARNING: [Synth 8-3917] design maximum_tree_search has port o_maximum[27] driven by constant 0
WARNING: [Synth 8-3917] design maximum_tree_search has port o_maximum[26] driven by constant 0
WARNING: [Synth 8-3917] design maximum_tree_search has port o_maximum[25] driven by constant 0
WARNING: [Synth 8-3917] design maximum_tree_search has port o_maximum[24] driven by constant 0
WARNING: [Synth 8-3917] design maximum_tree_search has port o_maximum[23] driven by constant 0
WARNING: [Synth 8-3917] design maximum_tree_search has port o_maximum[22] driven by constant 0
WARNING: [Synth 8-3917] design maximum_tree_search has port o_maximum[21] driven by constant 0
WARNING: [Synth 8-3917] design maximum_tree_search has port o_maximum[20] driven by constant 0
WARNING: [Synth 8-3917] design maximum_tree_search has port o_maximum[19] driven by constant 0
WARNING: [Synth 8-3917] design maximum_tree_search has port o_maximum[18] driven by constant 0
WARNING: [Synth 8-3917] design maximum_tree_search has port o_maximum[17] driven by constant 0
WARNING: [Synth 8-3917] design maximum_tree_search has port o_maximum[16] driven by constant 0
WARNING: [Synth 8-3917] design maximum_tree_search has port o_maximum[15] driven by constant 0
WARNING: [Synth 8-3917] design maximum_tree_search has port o_maximum[14] driven by constant 0
WARNING: [Synth 8-3917] design maximum_tree_search has port o_maximum[13] driven by constant 0
WARNING: [Synth 8-3917] design maximum_tree_search has port o_maximum[12] driven by constant 0
WARNING: [Synth 8-3917] design maximum_tree_search has port o_maximum[11] driven by constant 0
WARNING: [Synth 8-3917] design maximum_tree_search has port o_maximum[10] driven by constant 0
WARNING: [Synth 8-3917] design maximum_tree_search has port o_maximum[9] driven by constant 0
WARNING: [Synth 8-3917] design maximum_tree_search has port o_maximum[8] driven by constant 0
WARNING: [Synth 8-3917] design maximum_tree_search has port o_maximum[7] driven by constant 0
WARNING: [Synth 8-3917] design maximum_tree_search has port o_maximum[6] driven by constant 0
WARNING: [Synth 8-3917] design maximum_tree_search has port o_maximum[5] driven by constant 0
WARNING: [Synth 8-3917] design maximum_tree_search has port o_maximum[4] driven by constant 0
---------------------------------------------------------------------------------
Finished RTL Elaboration : Time (s): cpu = 00:00:09 ; elapsed = 00:00:09 . Memory (MB): peak = 1295.289 ; gain = 497.973
---------------------------------------------------------------------------------
---------------------------------------------------------------------------------
Start Handling Custom Attributes
---------------------------------------------------------------------------------
---------------------------------------------------------------------------------
Finished Handling Custom Attributes : Time (s): cpu = 00:00:09 ; elapsed = 00:00:09 . Memory (MB): peak = 1295.289 ; gain = 497.973
---------------------------------------------------------------------------------
---------------------------------------------------------------------------------
Finished RTL Optimization Phase 1 : Time (s): cpu = 00:00:09 ; elapsed = 00:00:09 . Memory (MB): peak = 1295.289 ; gain = 497.973
---------------------------------------------------------------------------------
Netlist sorting complete. Time (s): cpu = 00:00:00 ; elapsed = 00:00:00.004 . Memory (MB): peak = 1295.289 ; gain = 0.000
INFO: [Project 1-570] Preparing netlist for logic optimization

Processing XDC Constraints
Initializing timing engine
Parsing XDC File [D:/Programs_extra/Github/VHDL_essentials/maximum_tree_search/maximum_tree_search.srcs/constrs_1/new/cons1.xdc]
Finished Parsing XDC File [D:/Programs_extra/Github/VHDL_essentials/maximum_tree_search/maximum_tree_search.srcs/constrs_1/new/cons1.xdc]
Completed Processing XDC Constraints

Netlist sorting complete. Time (s): cpu = 00:00:00 ; elapsed = 00:00:00 . Memory (MB): peak = 1329.438 ; gain = 0.000
INFO: [Project 1-111] Unisim Transformation Summary:
No Unisim elements were transformed.

Constraint Validation Runtime : Time (s): cpu = 00:00:00 ; elapsed = 00:00:00.001 . Memory (MB): peak = 1329.438 ; gain = 0.000
INFO: [Designutils 20-5440] No compile time benefit to using incremental synthesis; A full resynthesis will be run
INFO: [Designutils 20-4379] Flow is switching to default flow due to incremental criteria not met. If you would like to alter this behaviour and have the flow terminate instead, please set the following parameter config_implementation {autoIncr.Synth.RejectBehavior Terminate}
INFO: [Synth 8-11241] undeclared symbol 'REGCCE', assumed default net type 'wire' [D:/Programme_Universitaet/Vivado2022/Vivado/2022.2/data/verilog/src/unimacro/BRAM_SINGLE_MACRO.v:2170]
---------------------------------------------------------------------------------
Finished Constraint Validation : Time (s): cpu = 00:00:18 ; elapsed = 00:00:19 . Memory (MB): peak = 1329.438 ; gain = 532.121
---------------------------------------------------------------------------------
---------------------------------------------------------------------------------
Start Loading Part and Timing Information
---------------------------------------------------------------------------------
Loading part: xc7a35tftg256-1
---------------------------------------------------------------------------------
Finished Loading Part and Timing Information : Time (s): cpu = 00:00:18 ; elapsed = 00:00:19 . Memory (MB): peak = 1329.438 ; gain = 532.121
---------------------------------------------------------------------------------
---------------------------------------------------------------------------------
Start Applying 'set_property' XDC Constraints
---------------------------------------------------------------------------------
---------------------------------------------------------------------------------
Finished applying 'set_property' XDC Constraints : Time (s): cpu = 00:00:18 ; elapsed = 00:00:19 . Memory (MB): peak = 1329.438 ; gain = 532.121
---------------------------------------------------------------------------------
---------------------------------------------------------------------------------
Finished RTL Optimization Phase 2 : Time (s): cpu = 00:00:18 ; elapsed = 00:00:19 . Memory (MB): peak = 1329.438 ; gain = 532.121
---------------------------------------------------------------------------------
---------------------------------------------------------------------------------
Start RTL Component Statistics 
---------------------------------------------------------------------------------
Detailed RTL Component Info : 
+---Adders : 
	   2 Input   32 Bit       Adders := 3     
	   2 Input    5 Bit       Adders := 4     
	   2 Input    4 Bit       Adders := 1     
+---Registers : 
	                4 Bit    Registers := 1     
+---Muxes : 
	   2 Input   32 Bit        Muxes := 7     
	   2 Input    4 Bit        Muxes := 1     
---------------------------------------------------------------------------------
Finished RTL Component Statistics 
---------------------------------------------------------------------------------
---------------------------------------------------------------------------------
Start Part Resource Summary
---------------------------------------------------------------------------------
Part Resources:
DSPs: 90 (col length:60)
BRAMs: 100 (col length: RAMB18 60 RAMB36 30)
---------------------------------------------------------------------------------
Finished Part Resource Summary
---------------------------------------------------------------------------------
---------------------------------------------------------------------------------
Start Cross Boundary and Area Optimization
---------------------------------------------------------------------------------
WARNING: [Synth 8-7080] Parallel synthesis criteria is not met
WARNING: [Synth 8-3917] design maximum_tree_search has port o_maximum[31] driven by constant 0
WARNING: [Synth 8-3917] design maximum_tree_search has port o_maximum[30] driven by constant 0
WARNING: [Synth 8-3917] design maximum_tree_search has port o_maximum[29] driven by constant 0
WARNING: [Synth 8-3917] design maximum_tree_search has port o_maximum[28] driven by constant 0
WARNING: [Synth 8-3917] design maximum_tree_search has port o_maximum[27] driven by constant 0
WARNING: [Synth 8-3917] design maximum_tree_search has port o_maximum[26] driven by constant 0
WARNING: [Synth 8-3917] design maximum_tree_search has port o_maximum[25] driven by constant 0
WARNING: [Synth 8-3917] design maximum_tree_search has port o_maximum[24] driven by constant 0
WARNING: [Synth 8-3917] design maximum_tree_search has port o_maximum[23] driven by constant 0
WARNING: [Synth 8-3917] design maximum_tree_search has port o_maximum[22] driven by constant 0
WARNING: [Synth 8-3917] design maximum_tree_search has port o_maximum[21] driven by constant 0
WARNING: [Synth 8-3917] design maximum_tree_search has port o_maximum[20] driven by constant 0
WARNING: [Synth 8-3917] design maximum_tree_search has port o_maximum[19] driven by constant 0
WARNING: [Synth 8-3917] design maximum_tree_search has port o_maximum[18] driven by constant 0
WARNING: [Synth 8-3917] design maximum_tree_search has port o_maximum[17] driven by constant 0
WARNING: [Synth 8-3917] design maximum_tree_search has port o_maximum[16] driven by constant 0
WARNING: [Synth 8-3917] design maximum_tree_search has port o_maximum[15] driven by constant 0
WARNING: [Synth 8-3917] design maximum_tree_search has port o_maximum[14] driven by constant 0
WARNING: [Synth 8-3917] design maximum_tree_search has port o_maximum[13] driven by constant 0
WARNING: [Synth 8-3917] design maximum_tree_search has port o_maximum[12] driven by constant 0
WARNING: [Synth 8-3917] design maximum_tree_search has port o_maximum[11] driven by constant 0
WARNING: [Synth 8-3917] design maximum_tree_search has port o_maximum[10] driven by constant 0
WARNING: [Synth 8-3917] design maximum_tree_search has port o_maximum[9] driven by constant 0
WARNING: [Synth 8-3917] design maximum_tree_search has port o_maximum[8] driven by constant 0
WARNING: [Synth 8-3917] design maximum_tree_search has port o_maximum[7] driven by constant 0
WARNING: [Synth 8-3917] design maximum_tree_search has port o_maximum[6] driven by constant 0
WARNING: [Synth 8-3917] design maximum_tree_search has port o_maximum[5] driven by constant 0
WARNING: [Synth 8-3917] design maximum_tree_search has port o_maximum[4] driven by constant 0
---------------------------------------------------------------------------------
Finished Cross Boundary and Area Optimization : Time (s): cpu = 00:00:22 ; elapsed = 00:00:23 . Memory (MB): peak = 1329.438 ; gain = 532.121
---------------------------------------------------------------------------------
---------------------------------------------------------------------------------
Start Applying XDC Timing Constraints
---------------------------------------------------------------------------------
---------------------------------------------------------------------------------
Finished Applying XDC Timing Constraints : Time (s): cpu = 00:00:29 ; elapsed = 00:00:30 . Memory (MB): peak = 1329.438 ; gain = 532.121
---------------------------------------------------------------------------------
---------------------------------------------------------------------------------
Start Timing Optimization
---------------------------------------------------------------------------------
---------------------------------------------------------------------------------
Finished Timing Optimization : Time (s): cpu = 00:00:29 ; elapsed = 00:00:30 . Memory (MB): peak = 1329.438 ; gain = 532.121
---------------------------------------------------------------------------------
---------------------------------------------------------------------------------
Start Technology Mapping
---------------------------------------------------------------------------------
---------------------------------------------------------------------------------
Finished Technology Mapping : Time (s): cpu = 00:00:29 ; elapsed = 00:00:30 . Memory (MB): peak = 1329.438 ; gain = 532.121
---------------------------------------------------------------------------------
---------------------------------------------------------------------------------
Start IO Insertion
---------------------------------------------------------------------------------
---------------------------------------------------------------------------------
Start Flattening Before IO Insertion
---------------------------------------------------------------------------------
---------------------------------------------------------------------------------
Finished Flattening Before IO Insertion
---------------------------------------------------------------------------------
---------------------------------------------------------------------------------
Start Final Netlist Cleanup
---------------------------------------------------------------------------------
---------------------------------------------------------------------------------
Finished Final Netlist Cleanup
---------------------------------------------------------------------------------
---------------------------------------------------------------------------------
Finished IO Insertion : Time (s): cpu = 00:00:35 ; elapsed = 00:00:36 . Memory (MB): peak = 1329.438 ; gain = 532.121
---------------------------------------------------------------------------------
---------------------------------------------------------------------------------
Start Renaming Generated Instances
---------------------------------------------------------------------------------
---------------------------------------------------------------------------------
Finished Renaming Generated Instances : Time (s): cpu = 00:00:35 ; elapsed = 00:00:36 . Memory (MB): peak = 1329.438 ; gain = 532.121
---------------------------------------------------------------------------------
---------------------------------------------------------------------------------
Start Rebuilding User Hierarchy
---------------------------------------------------------------------------------
---------------------------------------------------------------------------------
Finished Rebuilding User Hierarchy : Time (s): cpu = 00:00:35 ; elapsed = 00:00:36 . Memory (MB): peak = 1329.438 ; gain = 532.121
---------------------------------------------------------------------------------
---------------------------------------------------------------------------------
Start Renaming Generated Ports
---------------------------------------------------------------------------------
---------------------------------------------------------------------------------
Finished Renaming Generated Ports : Time (s): cpu = 00:00:35 ; elapsed = 00:00:36 . Memory (MB): peak = 1329.438 ; gain = 532.121
---------------------------------------------------------------------------------
---------------------------------------------------------------------------------
Start Handling Custom Attributes
---------------------------------------------------------------------------------
---------------------------------------------------------------------------------
Finished Handling Custom Attributes : Time (s): cpu = 00:00:35 ; elapsed = 00:00:36 . Memory (MB): peak = 1329.438 ; gain = 532.121
---------------------------------------------------------------------------------
---------------------------------------------------------------------------------
Start Renaming Generated Nets
---------------------------------------------------------------------------------
---------------------------------------------------------------------------------
Finished Renaming Generated Nets : Time (s): cpu = 00:00:35 ; elapsed = 00:00:36 . Memory (MB): peak = 1329.438 ; gain = 532.121
---------------------------------------------------------------------------------
---------------------------------------------------------------------------------
Start Writing Synthesis Report
---------------------------------------------------------------------------------

Report BlackBoxes: 
+-+--------------+----------+
| |BlackBox name |Instances |
+-+--------------+----------+
+-+--------------+----------+

Report Cell Usage: 
+------+-----+------+
|      |Cell |Count |
+------+-----+------+
|1     |BUFG |     1|
|2     |LUT2 |     2|
|3     |LUT3 |     7|
|4     |LUT4 |    10|
|5     |LUT5 |    14|
|6     |LUT6 |    27|
|7     |FDRE |     4|
|8     |IBUF |    28|
|9     |OBUF |    32|
+------+-----+------+
---------------------------------------------------------------------------------
Finished Writing Synthesis Report : Time (s): cpu = 00:00:35 ; elapsed = 00:00:36 . Memory (MB): peak = 1329.438 ; gain = 532.121
---------------------------------------------------------------------------------
Synthesis finished with 0 errors, 0 critical warnings and 29 warnings.
Synthesis Optimization Runtime : Time (s): cpu = 00:00:24 ; elapsed = 00:00:34 . Memory (MB): peak = 1329.438 ; gain = 497.973
Synthesis Optimization Complete : Time (s): cpu = 00:00:35 ; elapsed = 00:00:36 . Memory (MB): peak = 1329.438 ; gain = 532.121
INFO: [Project 1-571] Translating synthesized netlist
Netlist sorting complete. Time (s): cpu = 00:00:00 ; elapsed = 00:00:00.001 . Memory (MB): peak = 1329.438 ; gain = 0.000
INFO: [Project 1-570] Preparing netlist for logic optimization
INFO: [Opt 31-138] Pushed 0 inverter(s) to 0 load pin(s).
Netlist sorting complete. Time (s): cpu = 00:00:00 ; elapsed = 00:00:00 . Memory (MB): peak = 1332.660 ; gain = 0.000
INFO: [Project 1-111] Unisim Transformation Summary:
No Unisim elements were transformed.

Synth Design complete, checksum: e3466f62
INFO: [Common 17-83] Releasing license: Synthesis
22 Infos, 58 Warnings, 0 Critical Warnings and 0 Errors encountered.
synth_design completed successfully
synth_design: Time (s): cpu = 00:00:39 ; elapsed = 00:00:42 . Memory (MB): peak = 1332.660 ; gain = 914.680
INFO: [Common 17-1381] The checkpoint 'D:/Programs_extra/Github/VHDL_essentials/maximum_tree_search/maximum_tree_search.runs/synth_1/maximum_tree_search.dcp' has been generated.
INFO: [runtcl-4] Executing : report_utilization -file maximum_tree_search_utilization_synth.rpt -pb maximum_tree_search_utilization_synth.pb
INFO: [Common 17-206] Exiting Vivado at Mon Oct 16 11:46:17 2023...
